[08-Sep-2019 01:51:44 UTC] PHP Parse error:  syntax error, unexpected 'text' (T_STRING), expecting ',' or ';' in C:\Users\Qian\Desktop\Qians Stuff\webdev_history\public\hello.php on line 10
[08-Sep-2019 01:51:45 UTC] PHP Parse error:  syntax error, unexpected 'text' (T_STRING), expecting ',' or ';' in C:\Users\Qian\Desktop\Qians Stuff\webdev_history\public\hello.php on line 10
[08-Sep-2019 01:53:06 UTC] PHP Parse error:  syntax error, unexpected '"', expecting '-' or identifier (T_STRING) or variable (T_VARIABLE) or number (T_NUM_STRING) in C:\Users\Qian\Desktop\Qians Stuff\webdev_history\public\hello.php on line 10
[08-Sep-2019 01:53:08 UTC] PHP Parse error:  syntax error, unexpected '"', expecting '-' or identifier (T_STRING) or variable (T_VARIABLE) or number (T_NUM_STRING) in C:\Users\Qian\Desktop\Qians Stuff\webdev_history\public\hello.php on line 10
[08-Sep-2019 01:55:38 UTC] PHP Notice:  Trying to get property of non-object in C:\Users\Qian\Desktop\Qians Stuff\webdev_history\public\hello.php on line 8
[08-Sep-2019 01:55:40 UTC] PHP Notice:  Trying to get property of non-object in C:\Users\Qian\Desktop\Qians Stuff\webdev_history\public\hello.php on line 8
[08-Sep-2019 01:55:43 UTC] PHP Notice:  Trying to get property of non-object in C:\Users\Qian\Desktop\Qians Stuff\webdev_history\public\hello.php on line 8
[08-Sep-2019 01:56:19 UTC] PHP Parse error:  syntax error, unexpected 'while' (T_WHILE), expecting ',' or ';' in C:\Users\Qian\Desktop\Qians Stuff\webdev_history\public\hello.php on line 10
[08-Sep-2019 01:56:21 UTC] PHP Parse error:  syntax error, unexpected 'while' (T_WHILE), expecting ',' or ';' in C:\Users\Qian\Desktop\Qians Stuff\webdev_history\public\hello.php on line 10
[08-Sep-2019 01:56:21 UTC] PHP Parse error:  syntax error, unexpected 'while' (T_WHILE), expecting ',' or ';' in C:\Users\Qian\Desktop\Qians Stuff\webdev_history\public\hello.php on line 10
[08-Sep-2019 01:56:22 UTC] PHP Parse error:  syntax error, unexpected 'while' (T_WHILE), expecting ',' or ';' in C:\Users\Qian\Desktop\Qians Stuff\webdev_history\public\hello.php on line 10
[08-Sep-2019 01:56:56 UTC] PHP Notice:  Trying to get property of non-object in C:\Users\Qian\Desktop\Qians Stuff\webdev_history\public\hello.php on line 8
[08-Sep-2019 01:58:45 UTC] PHP Notice:  Trying to get property of non-object in C:\Users\Qian\Desktop\Qians Stuff\webdev_history\public\hello.php on line 8
[08-Sep-2019 01:58:46 UTC] PHP Notice:  Trying to get property of non-object in C:\Users\Qian\Desktop\Qians Stuff\webdev_history\public\hello.php on line 8
[08-Sep-2019 01:58:47 UTC] PHP Notice:  Trying to get property of non-object in C:\Users\Qian\Desktop\Qians Stuff\webdev_history\public\hello.php on line 8
[08-Sep-2019 01:58:48 UTC] PHP Notice:  Trying to get property of non-object in C:\Users\Qian\Desktop\Qians Stuff\webdev_history\public\hello.php on line 8
[08-Sep-2019 02:04:49 UTC] PHP Parse error:  syntax error, unexpected '}', expecting ',' or ';' in C:\Users\Qian\Desktop\Qians Stuff\webdev_history\public\hello.php on line 13
[08-Sep-2019 02:04:50 UTC] PHP Parse error:  syntax error, unexpected '}', expecting ',' or ';' in C:\Users\Qian\Desktop\Qians Stuff\webdev_history\public\hello.php on line 13
[08-Sep-2019 02:04:50 UTC] PHP Parse error:  syntax error, unexpected '}', expecting ',' or ';' in C:\Users\Qian\Desktop\Qians Stuff\webdev_history\public\hello.php on line 13
[08-Sep-2019 02:05:01 UTC] PHP Recoverable fatal error:  Object of class stdClass could not be converted to string in C:\Users\Qian\Desktop\Qians Stuff\webdev_history\public\hello.php on line 12
[08-Sep-2019 02:05:02 UTC] PHP Recoverable fatal error:  Object of class stdClass could not be converted to string in C:\Users\Qian\Desktop\Qians Stuff\webdev_history\public\hello.php on line 12
[08-Sep-2019 02:09:08 UTC] PHP Parse error:  syntax error, unexpected '}', expecting ',' or ';' in C:\Users\Qian\Desktop\Qians Stuff\webdev_history\public\hello.php on line 17
[08-Sep-2019 02:09:09 UTC] PHP Parse error:  syntax error, unexpected '}', expecting ',' or ';' in C:\Users\Qian\Desktop\Qians Stuff\webdev_history\public\hello.php on line 17
